2024-12-29 23:58:08 0 [Note] Starting MariaDB 10.4.32-MariaDB source revision c4143f909528e3fab0677a28631d10389354c491 as process 46908
2024-12-29 23:58:08 0 [Note] InnoDB: Mutexes and rw_locks use Windows interlocked functions
2024-12-29 23:58:08 0 [Note] InnoDB: Uses event mutexes
2024-12-29 23:58:08 0 [Note] InnoDB: Compressed tables use zlib 1.3
2024-12-29 23:58:08 0 [Note] InnoDB: Number of pools: 1
2024-12-29 23:58:08 0 [Note] InnoDB: Using SSE2 crc32 instructions
2024-12-29 23:58:08 0 [Note] InnoDB: Initializing buffer pool, total size = 16M, instances = 1, chunk size = 16M
2024-12-29 23:58:08 0 [Note] InnoDB: Completed initialization of buffer pool
2024-12-29 23:58:08 0 [Note] InnoDB: Starting crash recovery from checkpoint LSN=300288
2024-12-29 23:58:08 0 [Note] InnoDB: 128 out of 128 rollback segments are active.
2024-12-29 23:58:08 0 [Note] InnoDB: Removed temporary tablespace data file: "ibtmp1"
2024-12-29 23:58:08 0 [Note] InnoDB: Creating shared tablespace for temporary tables
2024-12-29 23:58:08 0 [Note] InnoDB: Setting file 'C:\xampp\mysql\data\ibtmp1' size to 12 MB. Physically writing the file full; Please wait ...
2024-12-29 23:58:08 0 [Note] InnoDB: File 'C:\xampp\mysql\data\ibtmp1' size is now 12 MB.
2024-12-29 23:58:08 0 [Note] InnoDB: Waiting for purge to start
2024-12-29 23:58:08 0 [Note] InnoDB: 10.4.32 started; log sequence number 300297; transaction id 170
2024-12-29 23:58:08 0 [Note] InnoDB: Loading buffer pool(s) from C:\xampp\mysql\data\ib_buffer_pool
2024-12-29 23:58:08 0 [Note] Plugin 'FEEDBACK' is disabled.
2024-12-29 23:58:08 0 [Note] Server socket created on IP: '::'.
2024-12-29 23:58:08 0 [ERROR] Can't start server: Bind on TCP/IP port. Got error: 10048: 一次只能用一個通訊端位址 (通訊協定/網路位址/連接埠)。

2024-12-29 23:58:08 0 [ERROR] Do you already have another mysqld server running on port: 3306 ?
2024-12-29 23:58:08 0 [ERROR] Aborting
2024-12-29 23:58:08 0 [Note] InnoDB: Buffer pool(s) load completed at 241229 23:58:08
2024-12-29 23:58:20 0 [Note] Starting MariaDB 10.4.32-MariaDB source revision c4143f909528e3fab0677a28631d10389354c491 as process 33116
2024-12-29 23:58:20 0 [Note] InnoDB: Mutexes and rw_locks use Windows interlocked functions
2024-12-29 23:58:20 0 [Note] InnoDB: Uses event mutexes
2024-12-29 23:58:20 0 [Note] InnoDB: Compressed tables use zlib 1.3
2024-12-29 23:58:20 0 [Note] InnoDB: Number of pools: 1
2024-12-29 23:58:20 0 [Note] InnoDB: Using SSE2 crc32 instructions
2024-12-29 23:58:20 0 [Note] InnoDB: Initializing buffer pool, total size = 16M, instances = 1, chunk size = 16M
2024-12-29 23:58:20 0 [Note] InnoDB: Completed initialization of buffer pool
2024-12-29 23:58:20 0 [Note] InnoDB: 128 out of 128 rollback segments are active.
2024-12-29 23:58:20 0 [Note] InnoDB: Creating shared tablespace for temporary tables
2024-12-29 23:58:20 0 [Note] InnoDB: Setting file 'C:\xampp\mysql\data\ibtmp1' size to 12 MB. Physically writing the file full; Please wait ...
2024-12-29 23:58:20 0 [Note] InnoDB: File 'C:\xampp\mysql\data\ibtmp1' size is now 12 MB.
2024-12-29 23:58:20 0 [Note] InnoDB: Waiting for purge to start
2024-12-29 23:58:20 0 [Note] InnoDB: 10.4.32 started; log sequence number 300306; transaction id 170
2024-12-29 23:58:20 0 [Note] InnoDB: Loading buffer pool(s) from C:\xampp\mysql\data\ib_buffer_pool
2024-12-29 23:58:20 0 [Note] Plugin 'FEEDBACK' is disabled.
2024-12-29 23:58:20 0 [Note] Server socket created on IP: '::'.
2024-12-29 23:58:20 0 [ERROR] Can't start server: Bind on TCP/IP port. Got error: 10048: 一次只能用一個通訊端位址 (通訊協定/網路位址/連接埠)。

2024-12-29 23:58:20 0 [ERROR] Do you already have another mysqld server running on port: 3306 ?
2024-12-29 23:58:20 0 [ERROR] Aborting
2024-12-29 23:59:15 0 [Note] Starting MariaDB 10.4.32-MariaDB source revision c4143f909528e3fab0677a28631d10389354c491 as process 50648
2024-12-29 23:59:15 0 [Note] InnoDB: Mutexes and rw_locks use Windows interlocked functions
2024-12-29 23:59:15 0 [Note] InnoDB: Uses event mutexes
2024-12-29 23:59:15 0 [Note] InnoDB: Compressed tables use zlib 1.3
2024-12-29 23:59:15 0 [Note] InnoDB: Number of pools: 1
2024-12-29 23:59:15 0 [Note] InnoDB: Using SSE2 crc32 instructions
2024-12-29 23:59:15 0 [Note] InnoDB: Initializing buffer pool, total size = 16M, instances = 1, chunk size = 16M
2024-12-29 23:59:15 0 [Note] InnoDB: Completed initialization of buffer pool
2024-12-29 23:59:15 0 [Note] InnoDB: 128 out of 128 rollback segments are active.
2024-12-29 23:59:15 0 [Note] InnoDB: Creating shared tablespace for temporary tables
2024-12-29 23:59:15 0 [Note] InnoDB: Setting file 'C:\xampp\mysql\data\ibtmp1' size to 12 MB. Physically writing the file full; Please wait ...
2024-12-29 23:59:15 0 [Note] InnoDB: File 'C:\xampp\mysql\data\ibtmp1' size is now 12 MB.
2024-12-29 23:59:15 0 [Note] InnoDB: Waiting for purge to start
2024-12-29 23:59:15 0 [Note] InnoDB: 10.4.32 started; log sequence number 300315; transaction id 170
2024-12-29 23:59:15 0 [Note] InnoDB: Loading buffer pool(s) from C:\xampp\mysql\data\ib_buffer_pool
2024-12-29 23:59:15 0 [Note] Plugin 'FEEDBACK' is disabled.
2024-12-29 23:59:15 0 [Note] Server socket created on IP: '::'.
2024-12-29 23:59:15 0 [ERROR] Can't start server: Bind on TCP/IP port. Got error: 10048: 一次只能用一個通訊端位址 (通訊協定/網路位址/連接埠)。

2024-12-29 23:59:15 0 [ERROR] Do you already have another mysqld server running on port: 3306 ?
2024-12-29 23:59:15 0 [ERROR] Aborting
2024-12-30  0:02:31 0 [Note] Starting MariaDB 10.4.32-MariaDB source revision c4143f909528e3fab0677a28631d10389354c491 as process 48328
2024-12-30  0:02:31 0 [Note] InnoDB: Mutexes and rw_locks use Windows interlocked functions
2024-12-30  0:02:31 0 [Note] InnoDB: Uses event mutexes
2024-12-30  0:02:31 0 [Note] InnoDB: Compressed tables use zlib 1.3
2024-12-30  0:02:31 0 [Note] InnoDB: Number of pools: 1
2024-12-30  0:02:31 0 [Note] InnoDB: Using SSE2 crc32 instructions
2024-12-30  0:02:31 0 [Note] InnoDB: Initializing buffer pool, total size = 16M, instances = 1, chunk size = 16M
2024-12-30  0:02:31 0 [Note] InnoDB: Completed initialization of buffer pool
2024-12-30  0:02:31 0 [Note] InnoDB: 128 out of 128 rollback segments are active.
2024-12-30  0:02:31 0 [Note] InnoDB: Creating shared tablespace for temporary tables
2024-12-30  0:02:31 0 [Note] InnoDB: Setting file 'C:\xampp\mysql\data\ibtmp1' size to 12 MB. Physically writing the file full; Please wait ...
2024-12-30  0:02:31 0 [Note] InnoDB: File 'C:\xampp\mysql\data\ibtmp1' size is now 12 MB.
2024-12-30  0:02:31 0 [Note] InnoDB: Waiting for purge to start
2024-12-30  0:02:31 0 [Note] InnoDB: 10.4.32 started; log sequence number 300324; transaction id 170
2024-12-30  0:02:31 0 [Note] InnoDB: Loading buffer pool(s) from C:\xampp\mysql\data\ib_buffer_pool
2024-12-30  0:02:31 0 [Note] Plugin 'FEEDBACK' is disabled.
2024-12-30  0:02:31 0 [Note] Server socket created on IP: '::'.
2024-12-30  0:17:11 0 [Note] Starting MariaDB 10.4.32-MariaDB source revision c4143f909528e3fab0677a28631d10389354c491 as process 49404
2024-12-30  0:17:11 0 [Note] InnoDB: Mutexes and rw_locks use Windows interlocked functions
2024-12-30  0:17:11 0 [Note] InnoDB: Uses event mutexes
2024-12-30  0:17:11 0 [Note] InnoDB: Compressed tables use zlib 1.3
2024-12-30  0:17:11 0 [Note] InnoDB: Number of pools: 1
2024-12-30  0:17:11 0 [Note] InnoDB: Using SSE2 crc32 instructions
2024-12-30  0:17:11 0 [Note] InnoDB: Initializing buffer pool, total size = 16M, instances = 1, chunk size = 16M
2024-12-30  0:17:11 0 [Note] InnoDB: Completed initialization of buffer pool
2024-12-30  0:17:11 0 [Note] InnoDB: Starting crash recovery from checkpoint LSN=300324
2024-12-30  0:17:11 0 [Note] InnoDB: 128 out of 128 rollback segments are active.
2024-12-30  0:17:11 0 [Note] InnoDB: Removed temporary tablespace data file: "ibtmp1"
2024-12-30  0:17:11 0 [Note] InnoDB: Creating shared tablespace for temporary tables
2024-12-30  0:17:11 0 [Note] InnoDB: Setting file 'C:\xampp\mysql\data\ibtmp1' size to 12 MB. Physically writing the file full; Please wait ...
2024-12-30  0:17:11 0 [Note] InnoDB: File 'C:\xampp\mysql\data\ibtmp1' size is now 12 MB.
2024-12-30  0:17:11 0 [Note] InnoDB: Waiting for purge to start
2024-12-30  0:17:11 0 [Note] InnoDB: 10.4.32 started; log sequence number 300333; transaction id 170
2024-12-30  0:17:11 0 [Note] InnoDB: Loading buffer pool(s) from C:\xampp\mysql\data\ib_buffer_pool
2024-12-30  0:17:11 0 [Note] Plugin 'FEEDBACK' is disabled.
2024-12-30  0:17:11 0 [Note] Server socket created on IP: '::'.
2024-12-30  0:22:32 0 [Note] Starting MariaDB 10.4.32-MariaDB source revision c4143f909528e3fab0677a28631d10389354c491 as process 36480
2024-12-30  0:22:32 0 [Note] InnoDB: Mutexes and rw_locks use Windows interlocked functions
2024-12-30  0:22:32 0 [Note] InnoDB: Uses event mutexes
2024-12-30  0:22:32 0 [Note] InnoDB: Compressed tables use zlib 1.3
2024-12-30  0:22:32 0 [Note] InnoDB: Number of pools: 1
2024-12-30  0:22:32 0 [Note] InnoDB: Using SSE2 crc32 instructions
2024-12-30  0:22:32 0 [Note] InnoDB: Initializing buffer pool, total size = 16M, instances = 1, chunk size = 16M
2024-12-30  0:22:32 0 [Note] InnoDB: Completed initialization of buffer pool
2024-12-30  0:22:32 0 [Note] InnoDB: Starting crash recovery from checkpoint LSN=300342
2024-12-30  0:22:32 0 [Note] InnoDB: 128 out of 128 rollback segments are active.
2024-12-30  0:22:32 0 [Note] InnoDB: Removed temporary tablespace data file: "ibtmp1"
2024-12-30  0:22:32 0 [Note] InnoDB: Creating shared tablespace for temporary tables
2024-12-30  0:22:32 0 [Note] InnoDB: Setting file 'C:\xampp\mysql\data\ibtmp1' size to 12 MB. Physically writing the file full; Please wait ...
2024-12-30  0:22:32 0 [Note] InnoDB: File 'C:\xampp\mysql\data\ibtmp1' size is now 12 MB.
2024-12-30  0:22:32 0 [Note] InnoDB: Waiting for purge to start
2024-12-30  0:22:32 0 [Note] InnoDB: 10.4.32 started; log sequence number 300351; transaction id 170
2024-12-30  0:22:32 0 [Note] InnoDB: Loading buffer pool(s) from C:\xampp\mysql\data\ib_buffer_pool
2024-12-30  0:22:32 0 [Note] Plugin 'FEEDBACK' is disabled.
2024-12-30  0:22:32 0 [Note] Server socket created on IP: '::'.
2024-12-30  0:24:32 0 [Note] Starting MariaDB 10.4.32-MariaDB source revision c4143f909528e3fab0677a28631d10389354c491 as process 39820
2024-12-30  0:24:32 0 [Note] InnoDB: Mutexes and rw_locks use Windows interlocked functions
2024-12-30  0:24:32 0 [Note] InnoDB: Uses event mutexes
2024-12-30  0:24:32 0 [Note] InnoDB: Compressed tables use zlib 1.3
2024-12-30  0:24:32 0 [Note] InnoDB: Number of pools: 1
2024-12-30  0:24:32 0 [Note] InnoDB: Using SSE2 crc32 instructions
2024-12-30  0:24:32 0 [Note] InnoDB: Initializing buffer pool, total size = 16M, instances = 1, chunk size = 16M
2024-12-30  0:24:32 0 [Note] InnoDB: Completed initialization of buffer pool
2024-12-30  0:24:32 0 [Note] InnoDB: Starting crash recovery from checkpoint LSN=300360
2024-12-30  0:24:32 0 [Note] InnoDB: 128 out of 128 rollback segments are active.
2024-12-30  0:24:32 0 [Note] InnoDB: Removed temporary tablespace data file: "ibtmp1"
2024-12-30  0:24:32 0 [Note] InnoDB: Creating shared tablespace for temporary tables
2024-12-30  0:24:32 0 [Note] InnoDB: Setting file 'C:\xampp\mysql\data\ibtmp1' size to 12 MB. Physically writing the file full; Please wait ...
2024-12-30  0:24:32 0 [Note] InnoDB: File 'C:\xampp\mysql\data\ibtmp1' size is now 12 MB.
2024-12-30  0:24:32 0 [Note] InnoDB: Waiting for purge to start
2024-12-30  0:24:32 0 [Note] InnoDB: 10.4.32 started; log sequence number 300369; transaction id 170
2024-12-30  0:24:32 0 [Note] InnoDB: Loading buffer pool(s) from C:\xampp\mysql\data\ib_buffer_pool
2024-12-30  0:24:32 0 [Note] Plugin 'FEEDBACK' is disabled.
2024-12-30  0:24:32 0 [Note] Server socket created on IP: '::'.
2024-12-30  0:30:16 0 [Note] Starting MariaDB 10.4.32-MariaDB source revision c4143f909528e3fab0677a28631d10389354c491 as process 42348
2024-12-30  0:30:16 0 [Note] InnoDB: Mutexes and rw_locks use Windows interlocked functions
2024-12-30  0:30:16 0 [Note] InnoDB: Uses event mutexes
2024-12-30  0:30:16 0 [Note] InnoDB: Compressed tables use zlib 1.3
2024-12-30  0:30:16 0 [Note] InnoDB: Number of pools: 1
2024-12-30  0:30:16 0 [Note] InnoDB: Using SSE2 crc32 instructions
2024-12-30  0:30:16 0 [Note] InnoDB: Initializing buffer pool, total size = 16M, instances = 1, chunk size = 16M
2024-12-30  0:30:16 0 [Note] InnoDB: Completed initialization of buffer pool
2024-12-30  0:30:16 0 [Note] InnoDB: Starting crash recovery from checkpoint LSN=300378
2024-12-30  0:30:17 0 [Note] InnoDB: 128 out of 128 rollback segments are active.
2024-12-30  0:30:17 0 [Note] InnoDB: Removed temporary tablespace data file: "ibtmp1"
2024-12-30  0:30:17 0 [Note] InnoDB: Creating shared tablespace for temporary tables
2024-12-30  0:30:17 0 [Note] InnoDB: Setting file 'C:\xampp\mysql\data\ibtmp1' size to 12 MB. Physically writing the file full; Please wait ...
2024-12-30  0:30:17 0 [Note] InnoDB: File 'C:\xampp\mysql\data\ibtmp1' size is now 12 MB.
2024-12-30  0:30:17 0 [Note] InnoDB: Waiting for purge to start
2024-12-30  0:30:17 0 [Note] InnoDB: 10.4.32 started; log sequence number 300387; transaction id 170
2024-12-30  0:30:17 0 [Note] InnoDB: Loading buffer pool(s) from C:\xampp\mysql\data\ib_buffer_pool
2024-12-30  0:30:17 0 [Note] Plugin 'FEEDBACK' is disabled.
2024-12-30  0:30:17 0 [Note] Server socket created on IP: '::'.
2024-12-30 19:36:08 0 [Note] Starting MariaDB 10.4.32-MariaDB source revision c4143f909528e3fab0677a28631d10389354c491 as process 42680
2024-12-30 19:36:08 0 [Note] InnoDB: Mutexes and rw_locks use Windows interlocked functions
2024-12-30 19:36:08 0 [Note] InnoDB: Uses event mutexes
2024-12-30 19:36:08 0 [Note] InnoDB: Compressed tables use zlib 1.3
2024-12-30 19:36:08 0 [Note] InnoDB: Number of pools: 1
2024-12-30 19:36:08 0 [Note] InnoDB: Using SSE2 crc32 instructions
2024-12-30 19:36:08 0 [Note] InnoDB: Initializing buffer pool, total size = 16M, instances = 1, chunk size = 16M
2024-12-30 19:36:08 0 [Note] InnoDB: Completed initialization of buffer pool
2024-12-30 19:36:08 0 [Note] InnoDB: Starting crash recovery from checkpoint LSN=305554
2024-12-30 19:36:08 0 [Note] InnoDB: 128 out of 128 rollback segments are active.
2024-12-30 19:36:08 0 [Note] InnoDB: Removed temporary tablespace data file: "ibtmp1"
2024-12-30 19:36:08 0 [Note] InnoDB: Creating shared tablespace for temporary tables
2024-12-30 19:36:08 0 [Note] InnoDB: Setting file 'C:\xampp\mysql\data\ibtmp1' size to 12 MB. Physically writing the file full; Please wait ...
2024-12-30 19:36:08 0 [Note] InnoDB: File 'C:\xampp\mysql\data\ibtmp1' size is now 12 MB.
2024-12-30 19:36:08 0 [Note] InnoDB: Waiting for purge to start
2024-12-30 19:36:08 0 [Note] InnoDB: 10.4.32 started; log sequence number 305563; transaction id 201
2024-12-30 19:36:08 0 [Note] InnoDB: Loading buffer pool(s) from C:\xampp\mysql\data\ib_buffer_pool
2024-12-30 19:36:08 0 [Note] Plugin 'FEEDBACK' is disabled.
2024-12-30 19:36:08 0 [Note] Server socket created on IP: '::'.
2024-12-30 20:15:40 0 [Note] Starting MariaDB 10.4.32-MariaDB source revision c4143f909528e3fab0677a28631d10389354c491 as process 48780
2024-12-30 20:15:40 0 [Note] InnoDB: Mutexes and rw_locks use Windows interlocked functions
2024-12-30 20:15:40 0 [Note] InnoDB: Uses event mutexes
2024-12-30 20:15:40 0 [Note] InnoDB: Compressed tables use zlib 1.3
2024-12-30 20:15:40 0 [Note] InnoDB: Number of pools: 1
2024-12-30 20:15:40 0 [Note] InnoDB: Using SSE2 crc32 instructions
2024-12-30 20:15:40 0 [Note] InnoDB: Initializing buffer pool, total size = 16M, instances = 1, chunk size = 16M
2024-12-30 20:15:40 0 [Note] InnoDB: Completed initialization of buffer pool
2024-12-30 20:15:40 0 [Note] InnoDB: Starting crash recovery from checkpoint LSN=306433
2024-12-30 20:15:40 0 [Note] InnoDB: 128 out of 128 rollback segments are active.
2024-12-30 20:15:40 0 [Note] InnoDB: Removed temporary tablespace data file: "ibtmp1"
2024-12-30 20:15:40 0 [Note] InnoDB: Creating shared tablespace for temporary tables
2024-12-30 20:15:40 0 [Note] InnoDB: Setting file 'C:\xampp\mysql\data\ibtmp1' size to 12 MB. Physically writing the file full; Please wait ...
2024-12-30 20:15:40 0 [Note] InnoDB: File 'C:\xampp\mysql\data\ibtmp1' size is now 12 MB.
2024-12-30 20:15:40 0 [Note] InnoDB: Waiting for purge to start
2024-12-30 20:15:40 0 [Note] InnoDB: 10.4.32 started; log sequence number 306442; transaction id 226
2024-12-30 20:15:40 0 [Note] InnoDB: Loading buffer pool(s) from C:\xampp\mysql\data\ib_buffer_pool
2024-12-30 20:15:40 0 [Note] Plugin 'FEEDBACK' is disabled.
2024-12-30 20:15:40 0 [Note] InnoDB: Buffer pool(s) load completed at 241230 20:15:40
2024-12-30 20:15:40 0 [Note] Server socket created on IP: '::'.
2024-12-30 22:06:44 0 [Note] Starting MariaDB 10.4.32-MariaDB source revision c4143f909528e3fab0677a28631d10389354c491 as process 36072
2024-12-30 22:06:44 0 [Note] InnoDB: Mutexes and rw_locks use Windows interlocked functions
2024-12-30 22:06:44 0 [Note] InnoDB: Uses event mutexes
2024-12-30 22:06:44 0 [Note] InnoDB: Compressed tables use zlib 1.3
2024-12-30 22:06:44 0 [Note] InnoDB: Number of pools: 1
2024-12-30 22:06:44 0 [Note] InnoDB: Using SSE2 crc32 instructions
2024-12-30 22:06:44 0 [Note] InnoDB: Initializing buffer pool, total size = 16M, instances = 1, chunk size = 16M
2024-12-30 22:06:44 0 [Note] InnoDB: Completed initialization of buffer pool
2024-12-30 22:06:44 0 [Note] InnoDB: Starting crash recovery from checkpoint LSN=306451
2024-12-30 22:06:44 0 [Note] InnoDB: 128 out of 128 rollback segments are active.
2024-12-30 22:06:44 0 [Note] InnoDB: Removed temporary tablespace data file: "ibtmp1"
2024-12-30 22:06:44 0 [Note] InnoDB: Creating shared tablespace for temporary tables
2024-12-30 22:06:44 0 [Note] InnoDB: Setting file 'C:\xampp\mysql\data\ibtmp1' size to 12 MB. Physically writing the file full; Please wait ...
2024-12-30 22:06:44 0 [Note] InnoDB: File 'C:\xampp\mysql\data\ibtmp1' size is now 12 MB.
2024-12-30 22:06:44 0 [Note] InnoDB: Waiting for purge to start
2024-12-30 22:06:44 0 [Note] InnoDB: 10.4.32 started; log sequence number 306460; transaction id 226
2024-12-30 22:06:44 0 [Note] InnoDB: Loading buffer pool(s) from C:\xampp\mysql\data\ib_buffer_pool
2024-12-30 22:06:44 0 [Note] Plugin 'FEEDBACK' is disabled.
2024-12-30 22:06:44 0 [Note] Server socket created on IP: '::'.
2024-12-31  1:02:45 0 [Note] Starting MariaDB 10.4.32-MariaDB source revision c4143f909528e3fab0677a28631d10389354c491 as process 36588
2024-12-31  1:02:45 0 [Note] InnoDB: Mutexes and rw_locks use Windows interlocked functions
2024-12-31  1:02:45 0 [Note] InnoDB: Uses event mutexes
2024-12-31  1:02:45 0 [Note] InnoDB: Compressed tables use zlib 1.3
2024-12-31  1:02:45 0 [Note] InnoDB: Number of pools: 1
2024-12-31  1:02:45 0 [Note] InnoDB: Using SSE2 crc32 instructions
2024-12-31  1:02:45 0 [Note] InnoDB: Initializing buffer pool, total size = 16M, instances = 1, chunk size = 16M
2024-12-31  1:02:45 0 [Note] InnoDB: Completed initialization of buffer pool
2024-12-31  1:02:45 0 [Note] InnoDB: Starting crash recovery from checkpoint LSN=306469
2024-12-31  1:02:45 0 [Note] InnoDB: 128 out of 128 rollback segments are active.
2024-12-31  1:02:45 0 [Note] InnoDB: Removed temporary tablespace data file: "ibtmp1"
2024-12-31  1:02:45 0 [Note] InnoDB: Creating shared tablespace for temporary tables
2024-12-31  1:02:45 0 [Note] InnoDB: Setting file 'C:\xampp\mysql\data\ibtmp1' size to 12 MB. Physically writing the file full; Please wait ...
2024-12-31  1:02:45 0 [Note] InnoDB: File 'C:\xampp\mysql\data\ibtmp1' size is now 12 MB.
2024-12-31  1:02:45 0 [Note] InnoDB: Waiting for purge to start
2024-12-31  1:02:45 0 [Note] InnoDB: 10.4.32 started; log sequence number 306478; transaction id 226
2024-12-31  1:02:45 0 [Note] InnoDB: Loading buffer pool(s) from C:\xampp\mysql\data\ib_buffer_pool
2024-12-31  1:02:45 0 [Note] Plugin 'FEEDBACK' is disabled.
2024-12-31  1:02:45 0 [Note] InnoDB: Buffer pool(s) load completed at 241231  1:02:45
2024-12-31  1:02:45 0 [Note] Server socket created on IP: '::'.
2024-12-31 20:31:04 0 [Note] Starting MariaDB 10.4.32-MariaDB source revision c4143f909528e3fab0677a28631d10389354c491 as process 45996
2024-12-31 20:31:04 0 [Note] InnoDB: Mutexes and rw_locks use Windows interlocked functions
2024-12-31 20:31:04 0 [Note] InnoDB: Uses event mutexes
2024-12-31 20:31:04 0 [Note] InnoDB: Compressed tables use zlib 1.3
2024-12-31 20:31:04 0 [Note] InnoDB: Number of pools: 1
2024-12-31 20:31:04 0 [Note] InnoDB: Using SSE2 crc32 instructions
2024-12-31 20:31:04 0 [Note] InnoDB: Initializing buffer pool, total size = 16M, instances = 1, chunk size = 16M
2024-12-31 20:31:04 0 [Note] InnoDB: Completed initialization of buffer pool
2024-12-31 20:31:04 0 [Note] InnoDB: Starting crash recovery from checkpoint LSN=306487
2024-12-31 20:31:04 0 [Note] InnoDB: 128 out of 128 rollback segments are active.
2024-12-31 20:31:04 0 [Note] InnoDB: Removed temporary tablespace data file: "ibtmp1"
2024-12-31 20:31:04 0 [Note] InnoDB: Creating shared tablespace for temporary tables
2024-12-31 20:31:04 0 [Note] InnoDB: Setting file 'C:\xampp\mysql\data\ibtmp1' size to 12 MB. Physically writing the file full; Please wait ...
2024-12-31 20:31:04 0 [Note] InnoDB: File 'C:\xampp\mysql\data\ibtmp1' size is now 12 MB.
2024-12-31 20:31:04 0 [Note] InnoDB: Waiting for purge to start
2024-12-31 20:31:04 0 [Note] InnoDB: 10.4.32 started; log sequence number 306496; transaction id 226
2024-12-31 20:31:04 0 [Note] InnoDB: Loading buffer pool(s) from C:\xampp\mysql\data\ib_buffer_pool
2024-12-31 20:31:04 0 [Note] Plugin 'FEEDBACK' is disabled.
2024-12-31 20:31:04 0 [Note] Server socket created on IP: '::'.
2025-01-03  4:57:44 0 [Note] Starting MariaDB 10.4.32-MariaDB source revision c4143f909528e3fab0677a28631d10389354c491 as process 34808
2025-01-03  4:57:44 0 [Note] InnoDB: Mutexes and rw_locks use Windows interlocked functions
2025-01-03  4:57:44 0 [Note] InnoDB: Uses event mutexes
2025-01-03  4:57:44 0 [Note] InnoDB: Compressed tables use zlib 1.3
2025-01-03  4:57:44 0 [Note] InnoDB: Number of pools: 1
2025-01-03  4:57:44 0 [Note] InnoDB: Using SSE2 crc32 instructions
2025-01-03  4:57:44 0 [Note] InnoDB: Initializing buffer pool, total size = 16M, instances = 1, chunk size = 16M
2025-01-03  4:57:44 0 [Note] InnoDB: Completed initialization of buffer pool
2025-01-03  4:57:44 0 [Note] InnoDB: Starting crash recovery from checkpoint LSN=306505
2025-01-03  4:57:44 0 [Note] InnoDB: 128 out of 128 rollback segments are active.
2025-01-03  4:57:44 0 [Note] InnoDB: Removed temporary tablespace data file: "ibtmp1"
2025-01-03  4:57:44 0 [Note] InnoDB: Creating shared tablespace for temporary tables
2025-01-03  4:57:44 0 [Note] InnoDB: Setting file 'C:\xampp\mysql\data\ibtmp1' size to 12 MB. Physically writing the file full; Please wait ...
2025-01-03  4:57:44 0 [Note] InnoDB: File 'C:\xampp\mysql\data\ibtmp1' size is now 12 MB.
2025-01-03  4:57:44 0 [Note] InnoDB: Waiting for purge to start
2025-01-03  4:57:44 0 [Note] InnoDB: 10.4.32 started; log sequence number 306514; transaction id 226
2025-01-03  4:57:44 0 [Note] InnoDB: Loading buffer pool(s) from C:\xampp\mysql\data\ib_buffer_pool
2025-01-03  4:57:44 0 [Note] Plugin 'FEEDBACK' is disabled.
2025-01-03  4:57:44 0 [Note] InnoDB: Buffer pool(s) load completed at 250103  4:57:44
2025-01-03  4:57:44 0 [Note] Server socket created on IP: '::'.
2025-01-06 11:57:19 0 [Note] Starting MariaDB 10.4.32-MariaDB source revision c4143f909528e3fab0677a28631d10389354c491 as process 31804
2025-01-06 11:57:19 0 [Note] InnoDB: Mutexes and rw_locks use Windows interlocked functions
2025-01-06 11:57:19 0 [Note] InnoDB: Uses event mutexes
2025-01-06 11:57:19 0 [Note] InnoDB: Compressed tables use zlib 1.3
2025-01-06 11:57:19 0 [Note] InnoDB: Number of pools: 1
2025-01-06 11:57:19 0 [Note] InnoDB: Using SSE2 crc32 instructions
2025-01-06 11:57:19 0 [Note] InnoDB: Initializing buffer pool, total size = 16M, instances = 1, chunk size = 16M
2025-01-06 11:57:19 0 [Note] InnoDB: Completed initialization of buffer pool
2025-01-06 11:57:19 0 [Note] InnoDB: Starting crash recovery from checkpoint LSN=306523
2025-01-06 11:57:20 0 [Note] InnoDB: 128 out of 128 rollback segments are active.
2025-01-06 11:57:20 0 [Note] InnoDB: Removed temporary tablespace data file: "ibtmp1"
2025-01-06 11:57:20 0 [Note] InnoDB: Creating shared tablespace for temporary tables
2025-01-06 11:57:20 0 [Note] InnoDB: Setting file 'C:\xampp\mysql\data\ibtmp1' size to 12 MB. Physically writing the file full; Please wait ...
2025-01-06 11:57:20 0 [Note] InnoDB: File 'C:\xampp\mysql\data\ibtmp1' size is now 12 MB.
2025-01-06 11:57:20 0 [Note] InnoDB: Waiting for purge to start
2025-01-06 11:57:20 0 [Note] InnoDB: 10.4.32 started; log sequence number 306532; transaction id 226
2025-01-06 11:57:20 0 [Note] InnoDB: Loading buffer pool(s) from C:\xampp\mysql\data\ib_buffer_pool
2025-01-06 11:57:20 0 [Note] Plugin 'FEEDBACK' is disabled.
2025-01-06 11:57:20 0 [Note] InnoDB: Buffer pool(s) load completed at 250106 11:57:20
2025-01-06 11:57:20 0 [Note] Server socket created on IP: '::'.
2025-01-06 12:00:01 0 [Note] Starting MariaDB 10.4.32-MariaDB source revision c4143f909528e3fab0677a28631d10389354c491 as process 9180
2025-01-06 12:00:01 0 [Note] InnoDB: Mutexes and rw_locks use Windows interlocked functions
2025-01-06 12:00:01 0 [Note] InnoDB: Uses event mutexes
2025-01-06 12:00:01 0 [Note] InnoDB: Compressed tables use zlib 1.3
2025-01-06 12:00:01 0 [Note] InnoDB: Number of pools: 1
2025-01-06 12:00:01 0 [Note] InnoDB: Using SSE2 crc32 instructions
2025-01-06 12:00:01 0 [Note] InnoDB: Initializing buffer pool, total size = 16M, instances = 1, chunk size = 16M
2025-01-06 12:00:01 0 [Note] InnoDB: Completed initialization of buffer pool
2025-01-06 12:00:01 0 [Note] InnoDB: Starting crash recovery from checkpoint LSN=516134
2025-01-06 12:00:01 0 [Note] InnoDB: 128 out of 128 rollback segments are active.
2025-01-06 12:00:01 0 [Note] InnoDB: Removed temporary tablespace data file: "ibtmp1"
2025-01-06 12:00:01 0 [Note] InnoDB: Creating shared tablespace for temporary tables
2025-01-06 12:00:01 0 [Note] InnoDB: Setting file 'C:\xampp\mysql\data\ibtmp1' size to 12 MB. Physically writing the file full; Please wait ...
2025-01-06 12:00:01 0 [Note] InnoDB: File 'C:\xampp\mysql\data\ibtmp1' size is now 12 MB.
2025-01-06 12:00:01 0 [Note] InnoDB: Waiting for purge to start
2025-01-06 12:00:01 0 [Note] InnoDB: 10.4.32 started; log sequence number 516143; transaction id 625
2025-01-06 12:00:01 0 [Note] InnoDB: Loading buffer pool(s) from C:\xampp\mysql\data\ib_buffer_pool
2025-01-06 12:00:01 0 [Note] Plugin 'FEEDBACK' is disabled.
2025-01-06 12:00:01 0 [Note] Server socket created on IP: '::'.
2025-01-06 12:11:32 0 [Note] Starting MariaDB 10.4.32-MariaDB source revision c4143f909528e3fab0677a28631d10389354c491 as process 18996
2025-01-06 12:11:32 0 [Note] InnoDB: Mutexes and rw_locks use Windows interlocked functions
2025-01-06 12:11:32 0 [Note] InnoDB: Uses event mutexes
2025-01-06 12:11:32 0 [Note] InnoDB: Compressed tables use zlib 1.3
2025-01-06 12:11:32 0 [Note] InnoDB: Number of pools: 1
2025-01-06 12:11:32 0 [Note] InnoDB: Using SSE2 crc32 instructions
2025-01-06 12:11:32 0 [Note] InnoDB: Initializing buffer pool, total size = 16M, instances = 1, chunk size = 16M
2025-01-06 12:11:32 0 [Note] InnoDB: Completed initialization of buffer pool
2025-01-06 12:11:32 0 [Note] InnoDB: Starting crash recovery from checkpoint LSN=516152
2025-01-06 12:11:32 0 [Note] InnoDB: 128 out of 128 rollback segments are active.
2025-01-06 12:11:32 0 [Note] InnoDB: Removed temporary tablespace data file: "ibtmp1"
2025-01-06 12:11:32 0 [Note] InnoDB: Creating shared tablespace for temporary tables
2025-01-06 12:11:32 0 [Note] InnoDB: Setting file 'C:\xampp\mysql\data\ibtmp1' size to 12 MB. Physically writing the file full; Please wait ...
2025-01-06 12:11:32 0 [Note] InnoDB: File 'C:\xampp\mysql\data\ibtmp1' size is now 12 MB.
2025-01-06 12:11:32 0 [Note] InnoDB: Waiting for purge to start
2025-01-06 12:11:32 0 [Note] InnoDB: 10.4.32 started; log sequence number 516161; transaction id 625
2025-01-06 12:11:32 0 [Note] InnoDB: Loading buffer pool(s) from C:\xampp\mysql\data\ib_buffer_pool
2025-01-06 12:11:32 0 [Note] Plugin 'FEEDBACK' is disabled.
2025-01-06 12:11:32 0 [Note] Server socket created on IP: '::'.
2025-01-06 12:12:55 0 [Note] Starting MariaDB 10.4.32-MariaDB source revision c4143f909528e3fab0677a28631d10389354c491 as process 26500
2025-01-06 12:12:55 0 [Note] InnoDB: Mutexes and rw_locks use Windows interlocked functions
2025-01-06 12:12:55 0 [Note] InnoDB: Uses event mutexes
2025-01-06 12:12:55 0 [Note] InnoDB: Compressed tables use zlib 1.3
2025-01-06 12:12:55 0 [Note] InnoDB: Number of pools: 1
2025-01-06 12:12:55 0 [Note] InnoDB: Using SSE2 crc32 instructions
2025-01-06 12:12:55 0 [Note] InnoDB: Initializing buffer pool, total size = 16M, instances = 1, chunk size = 16M
2025-01-06 12:12:55 0 [Note] InnoDB: Completed initialization of buffer pool
2025-01-06 12:12:55 0 [Note] InnoDB: Starting crash recovery from checkpoint LSN=516170
2025-01-06 12:12:55 0 [Note] InnoDB: 128 out of 128 rollback segments are active.
2025-01-06 12:12:55 0 [Note] InnoDB: Removed temporary tablespace data file: "ibtmp1"
2025-01-06 12:12:55 0 [Note] InnoDB: Creating shared tablespace for temporary tables
2025-01-06 12:12:55 0 [Note] InnoDB: Setting file 'C:\xampp\mysql\data\ibtmp1' size to 12 MB. Physically writing the file full; Please wait ...
2025-01-06 12:12:55 0 [Note] InnoDB: File 'C:\xampp\mysql\data\ibtmp1' size is now 12 MB.
2025-01-06 12:12:55 0 [Note] InnoDB: Waiting for purge to start
2025-01-06 12:12:56 0 [Note] InnoDB: 10.4.32 started; log sequence number 516179; transaction id 625
2025-01-06 12:12:56 0 [Note] InnoDB: Loading buffer pool(s) from C:\xampp\mysql\data\ib_buffer_pool
2025-01-06 12:12:56 0 [Note] Plugin 'FEEDBACK' is disabled.
2025-01-06 12:12:56 0 [Note] Server socket created on IP: '::'.
2025-01-06 12:18:31 0 [Note] Starting MariaDB 10.4.32-MariaDB source revision c4143f909528e3fab0677a28631d10389354c491 as process 16688
2025-01-06 12:18:31 0 [Note] InnoDB: Mutexes and rw_locks use Windows interlocked functions
2025-01-06 12:18:31 0 [Note] InnoDB: Uses event mutexes
2025-01-06 12:18:31 0 [Note] InnoDB: Compressed tables use zlib 1.3
2025-01-06 12:18:31 0 [Note] InnoDB: Number of pools: 1
2025-01-06 12:18:31 0 [Note] InnoDB: Using SSE2 crc32 instructions
2025-01-06 12:18:31 0 [Note] InnoDB: Initializing buffer pool, total size = 16M, instances = 1, chunk size = 16M
2025-01-06 12:18:31 0 [Note] InnoDB: Completed initialization of buffer pool
2025-01-06 12:18:31 0 [Note] InnoDB: Starting crash recovery from checkpoint LSN=516489
2025-01-06 12:18:31 0 [Note] InnoDB: 128 out of 128 rollback segments are active.
2025-01-06 12:18:31 0 [Note] InnoDB: Removed temporary tablespace data file: "ibtmp1"
2025-01-06 12:18:31 0 [Note] InnoDB: Creating shared tablespace for temporary tables
2025-01-06 12:18:31 0 [Note] InnoDB: Setting file 'C:\xampp\mysql\data\ibtmp1' size to 12 MB. Physically writing the file full; Please wait ...
2025-01-06 12:18:31 0 [Note] InnoDB: File 'C:\xampp\mysql\data\ibtmp1' size is now 12 MB.
2025-01-06 12:18:31 0 [Note] InnoDB: Waiting for purge to start
2025-01-06 12:18:31 0 [Note] InnoDB: 10.4.32 started; log sequence number 516498; transaction id 648
2025-01-06 12:18:31 0 [Note] InnoDB: Loading buffer pool(s) from C:\xampp\mysql\data\ib_buffer_pool
2025-01-06 12:18:31 0 [Note] Plugin 'FEEDBACK' is disabled.
2025-01-06 12:18:31 0 [Note] Server socket created on IP: '::'.
2025-01-06 12:20:00 0 [Note] Starting MariaDB 10.4.32-MariaDB source revision c4143f909528e3fab0677a28631d10389354c491 as process 64576
2025-01-06 12:20:00 0 [Note] InnoDB: Mutexes and rw_locks use Windows interlocked functions
2025-01-06 12:20:00 0 [Note] InnoDB: Uses event mutexes
2025-01-06 12:20:00 0 [Note] InnoDB: Compressed tables use zlib 1.3
2025-01-06 12:20:00 0 [Note] InnoDB: Number of pools: 1
2025-01-06 12:20:00 0 [Note] InnoDB: Using SSE2 crc32 instructions
2025-01-06 12:20:00 0 [Note] InnoDB: Initializing buffer pool, total size = 16M, instances = 1, chunk size = 16M
2025-01-06 12:20:00 0 [Note] InnoDB: Completed initialization of buffer pool
2025-01-06 12:20:00 0 [Note] InnoDB: Starting crash recovery from checkpoint LSN=516979
2025-01-06 12:20:00 0 [Note] InnoDB: 128 out of 128 rollback segments are active.
2025-01-06 12:20:00 0 [Note] InnoDB: Removed temporary tablespace data file: "ibtmp1"
2025-01-06 12:20:00 0 [Note] InnoDB: Creating shared tablespace for temporary tables
2025-01-06 12:20:00 0 [Note] InnoDB: Setting file 'C:\xampp\mysql\data\ibtmp1' size to 12 MB. Physically writing the file full; Please wait ...
2025-01-06 12:20:00 0 [Note] InnoDB: File 'C:\xampp\mysql\data\ibtmp1' size is now 12 MB.
2025-01-06 12:20:00 0 [Note] InnoDB: Waiting for purge to start
2025-01-06 12:20:00 0 [Note] InnoDB: 10.4.32 started; log sequence number 516988; transaction id 671
2025-01-06 12:20:00 0 [Note] InnoDB: Loading buffer pool(s) from C:\xampp\mysql\data\ib_buffer_pool
2025-01-06 12:20:00 0 [Note] Plugin 'FEEDBACK' is disabled.
2025-01-06 12:20:00 0 [Note] Server socket created on IP: '::'.
2025-01-06 22:16:55 0 [Note] Starting MariaDB 10.4.32-MariaDB source revision c4143f909528e3fab0677a28631d10389354c491 as process 2796
2025-01-06 22:16:55 0 [Note] InnoDB: Mutexes and rw_locks use Windows interlocked functions
2025-01-06 22:16:55 0 [Note] InnoDB: Uses event mutexes
2025-01-06 22:16:55 0 [Note] InnoDB: Compressed tables use zlib 1.3
2025-01-06 22:16:55 0 [Note] InnoDB: Number of pools: 1
2025-01-06 22:16:55 0 [Note] InnoDB: Using SSE2 crc32 instructions
2025-01-06 22:16:55 0 [Note] InnoDB: Initializing buffer pool, total size = 16M, instances = 1, chunk size = 16M
2025-01-06 22:16:55 0 [Note] InnoDB: Completed initialization of buffer pool
2025-01-06 22:16:55 0 [Note] InnoDB: Starting crash recovery from checkpoint LSN=771440
2025-01-06 22:16:56 0 [Note] InnoDB: 128 out of 128 rollback segments are active.
2025-01-06 22:16:56 0 [Note] InnoDB: Removed temporary tablespace data file: "ibtmp1"
2025-01-06 22:16:56 0 [Note] InnoDB: Creating shared tablespace for temporary tables
2025-01-06 22:16:56 0 [Note] InnoDB: Setting file 'C:\xampp\mysql\data\ibtmp1' size to 12 MB. Physically writing the file full; Please wait ...
2025-01-06 22:16:56 0 [Note] InnoDB: File 'C:\xampp\mysql\data\ibtmp1' size is now 12 MB.
2025-01-06 22:16:56 0 [Note] InnoDB: Waiting for purge to start
2025-01-06 22:16:56 0 [Note] InnoDB: 10.4.32 started; log sequence number 771449; transaction id 1410
2025-01-06 22:16:56 0 [Note] InnoDB: Loading buffer pool(s) from C:\xampp\mysql\data\ib_buffer_pool
2025-01-06 22:16:56 0 [Note] Plugin 'FEEDBACK' is disabled.
2025-01-06 22:16:56 0 [Note] InnoDB: Buffer pool(s) load completed at 250106 22:16:56
2025-01-06 22:16:56 0 [Note] Server socket created on IP: '::'.
2025-01-07  5:33:41 0 [Note] Starting MariaDB 10.4.32-MariaDB source revision c4143f909528e3fab0677a28631d10389354c491 as process 85652
2025-01-07  5:33:41 0 [Note] InnoDB: Mutexes and rw_locks use Windows interlocked functions
2025-01-07  5:33:41 0 [Note] InnoDB: Uses event mutexes
2025-01-07  5:33:41 0 [Note] InnoDB: Compressed tables use zlib 1.3
2025-01-07  5:33:41 0 [Note] InnoDB: Number of pools: 1
2025-01-07  5:33:41 0 [Note] InnoDB: Using SSE2 crc32 instructions
2025-01-07  5:33:41 0 [Note] InnoDB: Initializing buffer pool, total size = 16M, instances = 1, chunk size = 16M
2025-01-07  5:33:41 0 [Note] InnoDB: Completed initialization of buffer pool
2025-01-07  5:33:41 0 [Note] InnoDB: Starting crash recovery from checkpoint LSN=954122
2025-01-07  5:33:41 0 [Note] InnoDB: 128 out of 128 rollback segments are active.
2025-01-07  5:33:41 0 [Note] InnoDB: Removed temporary tablespace data file: "ibtmp1"
2025-01-07  5:33:41 0 [Note] InnoDB: Creating shared tablespace for temporary tables
2025-01-07  5:33:41 0 [Note] InnoDB: Setting file 'C:\xampp\mysql\data\ibtmp1' size to 12 MB. Physically writing the file full; Please wait ...
2025-01-07  5:33:41 0 [Note] InnoDB: File 'C:\xampp\mysql\data\ibtmp1' size is now 12 MB.
2025-01-07  5:33:41 0 [Note] InnoDB: Waiting for purge to start
2025-01-07  5:33:41 0 [Note] InnoDB: 10.4.32 started; log sequence number 954131; transaction id 1969
2025-01-07  5:33:41 0 [Note] InnoDB: Loading buffer pool(s) from C:\xampp\mysql\data\ib_buffer_pool
2025-01-07  5:33:41 0 [Note] Plugin 'FEEDBACK' is disabled.
2025-01-07  5:33:41 0 [Note] Server socket created on IP: '::'.
2025-01-07  6:58:46 0 [Note] Starting MariaDB 10.4.32-MariaDB source revision c4143f909528e3fab0677a28631d10389354c491 as process 103956
2025-01-07  6:58:46 0 [Note] InnoDB: Mutexes and rw_locks use Windows interlocked functions
2025-01-07  6:58:46 0 [Note] InnoDB: Uses event mutexes
2025-01-07  6:58:46 0 [Note] InnoDB: Compressed tables use zlib 1.3
2025-01-07  6:58:46 0 [Note] InnoDB: Number of pools: 1
2025-01-07  6:58:46 0 [Note] InnoDB: Using SSE2 crc32 instructions
2025-01-07  6:58:46 0 [Note] InnoDB: Initializing buffer pool, total size = 16M, instances = 1, chunk size = 16M
2025-01-07  6:58:46 0 [Note] InnoDB: Completed initialization of buffer pool
2025-01-07  6:58:47 0 [Note] InnoDB: Starting crash recovery from checkpoint LSN=1065025
2025-01-07  6:58:47 0 [Note] InnoDB: 128 out of 128 rollback segments are active.
2025-01-07  6:58:47 0 [Note] InnoDB: Removed temporary tablespace data file: "ibtmp1"
2025-01-07  6:58:47 0 [Note] InnoDB: Creating shared tablespace for temporary tables
2025-01-07  6:58:47 0 [Note] InnoDB: Setting file 'C:\xampp\mysql\data\ibtmp1' size to 12 MB. Physically writing the file full; Please wait ...
2025-01-07  6:58:47 0 [Note] InnoDB: File 'C:\xampp\mysql\data\ibtmp1' size is now 12 MB.
2025-01-07  6:58:47 0 [Note] InnoDB: Waiting for purge to start
2025-01-07  6:58:47 0 [Note] InnoDB: 10.4.32 started; log sequence number 1065034; transaction id 2349
2025-01-07  6:58:47 0 [Note] InnoDB: Loading buffer pool(s) from C:\xampp\mysql\data\ib_buffer_pool
2025-01-07  6:58:47 0 [Note] Plugin 'FEEDBACK' is disabled.
2025-01-07  6:58:47 0 [Note] Server socket created on IP: '::'.
2025-01-07 21:28:36 0 [Note] Starting MariaDB 10.4.32-MariaDB source revision c4143f909528e3fab0677a28631d10389354c491 as process 85248
2025-01-07 21:28:36 0 [Note] InnoDB: Mutexes and rw_locks use Windows interlocked functions
2025-01-07 21:28:36 0 [Note] InnoDB: Uses event mutexes
2025-01-07 21:28:36 0 [Note] InnoDB: Compressed tables use zlib 1.3
2025-01-07 21:28:36 0 [Note] InnoDB: Number of pools: 1
2025-01-07 21:28:36 0 [Note] InnoDB: Using SSE2 crc32 instructions
2025-01-07 21:28:36 0 [Note] InnoDB: Initializing buffer pool, total size = 16M, instances = 1, chunk size = 16M
2025-01-07 21:28:36 0 [Note] InnoDB: Completed initialization of buffer pool
2025-01-07 21:28:36 0 [Note] InnoDB: Starting crash recovery from checkpoint LSN=1195345
2025-01-07 21:28:37 0 [Note] InnoDB: 128 out of 128 rollback segments are active.
2025-01-07 21:28:37 0 [Note] InnoDB: Removed temporary tablespace data file: "ibtmp1"
2025-01-07 21:28:37 0 [Note] InnoDB: Creating shared tablespace for temporary tables
2025-01-07 21:28:37 0 [Note] InnoDB: Setting file 'C:\xampp\mysql\data\ibtmp1' size to 12 MB. Physically writing the file full; Please wait ...
2025-01-07 21:28:37 0 [Note] InnoDB: File 'C:\xampp\mysql\data\ibtmp1' size is now 12 MB.
2025-01-07 21:28:37 0 [Note] InnoDB: Waiting for purge to start
2025-01-07 21:28:37 0 [Note] InnoDB: 10.4.32 started; log sequence number 1195354; transaction id 2757
2025-01-07 21:28:37 0 [Note] InnoDB: Loading buffer pool(s) from C:\xampp\mysql\data\ib_buffer_pool
2025-01-07 21:28:37 0 [Note] Plugin 'FEEDBACK' is disabled.
2025-01-07 21:28:37 0 [Note] InnoDB: Buffer pool(s) load completed at 250107 21:28:37
2025-01-07 21:28:37 0 [Note] Server socket created on IP: '::'.
2025-01-07 22:16:24 0 [Note] Starting MariaDB 10.4.32-MariaDB source revision c4143f909528e3fab0677a28631d10389354c491 as process 87728
2025-01-07 22:16:24 0 [Note] InnoDB: Mutexes and rw_locks use Windows interlocked functions
2025-01-07 22:16:24 0 [Note] InnoDB: Uses event mutexes
2025-01-07 22:16:24 0 [Note] InnoDB: Compressed tables use zlib 1.3
2025-01-07 22:16:24 0 [Note] InnoDB: Number of pools: 1
2025-01-07 22:16:24 0 [Note] InnoDB: Using SSE2 crc32 instructions
2025-01-07 22:16:24 0 [Note] InnoDB: Initializing buffer pool, total size = 16M, instances = 1, chunk size = 16M
2025-01-07 22:16:24 0 [Note] InnoDB: Completed initialization of buffer pool
2025-01-07 22:16:24 0 [Note] InnoDB: Starting crash recovery from checkpoint LSN=1212365
2025-01-07 22:16:25 0 [Note] InnoDB: 128 out of 128 rollback segments are active.
2025-01-07 22:16:25 0 [Note] InnoDB: Removed temporary tablespace data file: "ibtmp1"
2025-01-07 22:16:25 0 [Note] InnoDB: Creating shared tablespace for temporary tables
2025-01-07 22:16:25 0 [Note] InnoDB: Setting file 'C:\xampp\mysql\data\ibtmp1' size to 12 MB. Physically writing the file full; Please wait ...
2025-01-07 22:16:25 0 [Note] InnoDB: File 'C:\xampp\mysql\data\ibtmp1' size is now 12 MB.
2025-01-07 22:16:25 0 [Note] InnoDB: Waiting for purge to start
2025-01-07 22:16:25 0 [Note] InnoDB: 10.4.32 started; log sequence number 1212374; transaction id 2842
2025-01-07 22:16:25 0 [Note] Plugin 'FEEDBACK' is disabled.
2025-01-07 22:16:25 0 [Note] InnoDB: Loading buffer pool(s) from C:\xampp\mysql\data\ib_buffer_pool
2025-01-07 22:16:25 0 [Note] Server socket created on IP: '::'.
